<?xml version="1.0" encoding="UTF-8" standalone="yes"?>
<testsuites>
    <testsuite tests="2" failures="0" errors="0" time="29.09660696983337" name="All tests">
        <testsuite tests="2" failures="0" errors="0" time="29.09535604715347" name="CustomSearchUITests.xctest">
            <testsuite tests="2" failures="0" errors="0" time="29.0944310426712" name="CustomSearchUITests">
                <testcase classname="CustomSearchUITests.CustomSearchUITests" name="testSample1" time="10.19177502393723"></testcase>
                <testcase classname="CustomSearchUITests.CustomSearchUITests" name="testSample2" time="18.90135902166367"></testcase>
            </testsuite>
        </testsuite>
    </testsuite>
</testsuites>